<?xml version="1.0"?><!DOCTYPE coverage SYSTEM "http://cobertura.sourceforge.net/xml/coverage-04.dtd"><coverage line-rate="4.114285714285714" lines-covered="25" lines-valid="33"><sources><source>/home/redmine/.hudson/jobs/LoggingScript/workspace/src</source><source>--source</source></sources><packages><package name="" line-rate="4.114285714285714"><classes><class name="collection/PersonList.js" filename="collection/PersonList.js" line-rate="1"><methods></methods><lines><line number="1" hits="1" branch="false" /><line number="7" hits="1" branch="false" /><line number="10" hits="1" branch="false" /></lines></class><class name="model/Person.js" filename="model/Person.js" line-rate="1"><methods></methods><lines><line number="1" hits="1" branch="false" /><line number="5" hits="1" branch="false" /><line number="7" hits="1" branch="false" /><line number="10" hits="1" branch="false" /><line number="14" hits="1" branch="false" /></lines></class><class name="view/DataInputView.js" filename="view/DataInputView.js" line-rate="0.4"><methods></methods><lines><line number="1" hits="1" branch="false" /><line number="9" hits="1" branch="false" /><line number="19" hits="1" branch="false" /><line number="23" hits="0" branch="false" /><line number="24" hits="0" branch="false" /><line number="28" hits="0" branch="false" /><line number="29" hits="0" branch="false" /><line number="31" hits="0" branch="false" /><line number="37" hits="0" branch="false" /><line number="40" hits="1" branch="false" /></lines></class><class name="view/DataListView.js" filename="view/DataListView.js" line-rate="1"><methods></methods><lines><line number="1" hits="1" branch="false" /><line number="9" hits="1" branch="false" /><line number="15" hits="3" branch="false" /><line number="19" hits="1" branch="false" /><line number="20" hits="1" branch="false" /><line number="24" hits="2" branch="false" /><line number="25" hits="2" branch="false" /><line number="28" hits="1" branch="false" /></lines></class><class name="view/DataRecordView.js" filename="view/DataRecordView.js" line-rate="0.7142857142857143"><methods></methods><lines><line number="1" hits="1" branch="false" /><line number="7" hits="1" branch="false" /><line number="17" hits="2" branch="false" /><line number="22" hits="2" branch="false" /><line number="26" hits="0" branch="false" /><line number="27" hits="0" branch="false" /><line number="30" hits="1" branch="false" /></lines></class></classes></package></packages></coverage>